2020-06-11 21:07:18,395 INFO [root] [__init__.py(<module>:10)] - Test日志会不会打印！！！
2020-06-11 21:07:18,926 INFO [root] [test_emp_params.py(test01_login_success:30)] - 登录接口返回的结果为：{'success': True, 'code': 10000, 'message': '操作成功！', 'data': 'ae286ddf-3dc9-4822-bc3d-88f641adff27'}
2020-06-11 21:07:18,927 INFO [root] [test_emp_params.py(test01_login_success:36)] - 保存到全局变量中的请求头为：{'Content-Type': 'application/json', 'Authorization': 'Bearer ae286ddf-3dc9-4822-bc3d-88f641adff27'}
2020-06-11 21:07:18,929 INFO [root] [test_emp_params.py(test02_add_emp:46)] - app.HEADERS的值是：{'Content-Type': 'application/json', 'Authorization': 'Bearer ae286ddf-3dc9-4822-bc3d-88f641adff27'}
2020-06-11 21:07:19,018 INFO [root] [test_emp_params.py(test02_add_emp:50)] - 添加员工的结果为：{'success': True, 'code': 10000, 'message': '操作成功！', 'data': {'id': '1271066580142260224'}}
2020-06-11 21:07:19,018 INFO [root] [test_emp_params.py(test02_add_emp:54)] - 保存到全局变量的员工的ID为：1271066580142260224
2020-06-11 21:07:19,110 INFO [root] [test_emp_params.py(test03_query_emp:63)] - 查询员工的结果为：{'success': True, 'code': 10000, 'message': '操作成功！', 'data': {'id': '1271066580142260224', 'mobile': '19846890423', 'username': '杨利伟111', 'password': '5af6679d6bb285b07115fa1cb732fbaa', 'enableState': 1, 'createTime': None, 'companyId': '1', 'companyName': '传智播客', 'departmentId': '1063678149528784896', 'timeOfEntry': '2020-05-05T00:00:00.000+0000', 'formOfEmployment': 1, 'workNumber': None, 'formOfManagement': None, 'workingCity': None, 'correctionTime': '2020-05-30T16:00:00.000+0000', 'inServiceStatus': None, 'departmentName': '测试部', 'roleIds': [], 'staffPhoto': None}}
2020-06-11 21:07:19,199 INFO [root] [test_emp_params.py(test04_modify_emp:72)] - 修改员工的结果为：{'success': True, 'code': 10000, 'message': '操作成功！', 'data': {'id': '1271066580142260224'}}
2020-06-11 21:07:19,287 INFO [root] [test_emp_params.py(test05_delete_emp:81)] - 删除员工的结果为：{'success': True, 'code': 10000, 'message': '操作成功！', 'data': None}
2020-06-11 21:07:19,373 INFO [root] [test_login_params.py(test01_login:29)] - 登录的结果为：{'success': True, 'code': 10000, 'message': '操作成功！', 'data': 'fd4ffff7-993f-40fd-a1b9-dc28574ced86'}
2020-06-11 21:07:19,462 INFO [root] [test_login_params.py(test01_login:29)] - 登录的结果为：{'success': False, 'code': 20001, 'message': '用户名或密码错误', 'data': None}
2020-06-11 21:07:19,547 INFO [root] [test_login_params.py(test01_login:29)] - 登录的结果为：{'success': False, 'code': 20001, 'message': '用户名或密码错误', 'data': None}
2020-06-11 21:07:19,633 INFO [root] [test_login_params.py(test01_login:29)] - 登录的结果为：{'success': False, 'code': 20001, 'message': '用户名或密码错误', 'data': None}
2020-06-11 21:07:19,721 INFO [root] [test_login_params.py(test01_login:29)] - 登录的结果为：{'success': False, 'code': 20001, 'message': '用户名或密码错误', 'data': None}
2020-06-11 21:07:19,808 INFO [root] [test_login_params.py(test01_login:29)] - 登录的结果为：{'success': False, 'code': 20001, 'message': '用户名或密码错误', 'data': None}
2020-06-11 21:07:19,899 INFO [root] [test_login_params.py(test01_login:29)] - 登录的结果为：{'success': True, 'code': 10000, 'message': '操作成功！', 'data': 'adbbb65e-5ac9-41e7-96f8-fd24c73fc1e2'}
2020-06-11 21:07:19,989 INFO [root] [test_login_params.py(test01_login:29)] - 登录的结果为：{'success': False, 'code': 20001, 'message': '用户名或密码错误', 'data': None}
2020-06-11 21:07:20,070 INFO [root] [test_login_params.py(test01_login:29)] - 登录的结果为：{'success': False, 'code': 20001, 'message': '用户名或密码错误', 'data': None}
2020-06-11 21:07:20,154 INFO [root] [test_login_params.py(test01_login:29)] - 登录的结果为：{'success': False, 'code': 20001, 'message': '用户名或密码错误', 'data': None}
2020-06-11 21:07:20,237 INFO [root] [test_login_params.py(test01_login:29)] - 登录的结果为：{'success': False, 'code': 99999, 'message': '抱歉，系统繁忙，请稍后重试！', 'data': None}
